#
# There is insufficient memory for the Java Runtime Environment to continue.
# Native memory allocation (mmap) failed to map 132120576 bytes for G1 virtual space
# Possible reasons:
#   The system is out of physical RAM or swap space
#   The process is running with CompressedOops enabled, and the Java Heap may be blocking the growth of the native heap
# Possible solutions:
#   Reduce memory load on the system
#   Increase physical memory or swap space
#   Check if swap backing store is full
#   Decrease Java heap size (-Xmx/-Xms)
#   Decrease number of Java threads
#   Decrease Java thread stack sizes (-Xss)
#   Set larger code cache with -XX:ReservedCodeCacheSize=
#   JVM is running with Unscaled Compressed Oops mode in which the Java heap is
#     placed in the first 4GB address space. The Java Heap base address is the
#     maximum limit for the native heap growth. Please use -XX:HeapBaseMinAddress
#     to set the Java Heap base and to place the Java Heap above 4GB virtual address.
# This output file may be truncated or incomplete.
#
#  Out of Memory Error (os_windows.cpp:3550), pid=11272, tid=2076
#
# JRE version:  (17.0.8+9) (build )
# Java VM: Java HotSpot(TM) 64-Bit Server VM (17.0.8+9-LTS-211, mixed mode, sharing, tiered, compressed oops, compressed class ptrs, g1 gc, windows-amd64)
# No core dump will be written. Minidumps are not enabled by default on client versions of Windows
#

---------------  S U M M A R Y ------------

Command Line: -Dnet.bytebuddy.agent.attacher.dump= net.bytebuddy.agent.Attacher com.sun.tools.attach.VirtualMachine 12048 C:\Users\Volodymyr\.m2\repository\net\bytebuddy\byte-buddy-agent\1.14.5\byte-buddy-agent-1.14.5.jar false 

Host: Intel(R) Pentium(R) CPU  N3710  @ 1.60GHz, 4 cores, 7G,  Windows 10 , 64 bit Build 19041 (10.0.19041.3031)
Time: Tue Aug 22 22:21:26 2023 FLE Daylight Time elapsed time: 0.131290 seconds (0d 0h 0m 0s)

---------------  T H R E A D  ---------------

Current thread (0x000002476d31bd60):  JavaThread "Unknown thread" [_thread_in_vm, id=2076, stack(0x0000008dd3b00000,0x0000008dd3c00000)]

Stack: [0x0000008dd3b00000,0x0000008dd3c00000]
Native frames: (J=compiled Java code, j=interpreted, Vv=VM code, C=native code)
V  [jvm.dll+0x677d0a]
V  [jvm.dll+0x7d8c54]
V  [jvm.dll+0x7da3fe]
V  [jvm.dll+0x7daa63]
V  [jvm.dll+0x245c5f]
V  [jvm.dll+0x674bb9]
V  [jvm.dll+0x6694f2]
V  [jvm.dll+0x3031d6]
V  [jvm.dll+0x30a756]
V  [jvm.dll+0x359f9e]
V  [jvm.dll+0x35a1cf]
V  [jvm.dll+0x2da3e8]
V  [jvm.dll+0x2db354]
V  [jvm.dll+0x7aa711]
V  [jvm.dll+0x367b51]
V  [jvm.dll+0x789979]
V  [jvm.dll+0x3eb05f]
V  [jvm.dll+0x3ecae1]
C  [jli.dll+0x5297]
C  [ucrtbase.dll+0x21bb2]
C  [KERNEL32.DLL+0x17614]
C  [ntdll.dll+0x526f1]


---------------  P R O C E S S  ---------------

Threads class SMR info:
_java_thread_list=0x00007ffb146b59d8, length=0, elements={
}

Java Threads: ( => current thread )

Other Threads:
  0x000002476d374ff0 GCTaskThread "GC Thread#0" [stack: 0x0000008dd3c00000,0x0000008dd3d00000] [id=6616]
  0x000002476d386d10 ConcurrentGCThread "G1 Main Marker" [stack: 0x0000008dd3d00000,0x0000008dd3e00000] [id=4920]
  0x000002476d387dd0 ConcurrentGCThread "G1 Conc#0" [stack: 0x0000008dd3e00000,0x0000008dd3f00000] [id=9604]

[error occurred during error reporting (printing all threads), id 0xc0000005, EXCEPTION_ACCESS_VIOLATION (0xc0000005) at pc=0x00007ffb13eeb047]

VM state: not at safepoint (not fully initialized)

VM Mutex/Monitor currently owned by a thread:  ([mutex/lock_event])
[0x000002476d3185c0] Heap_lock - owner thread: 0x000002476d31bd60

Heap address: 0x0000000082a00000, size: 2006 MB, Compressed Oops mode: 32-bit

CDS archive(s) mapped at: [0x0000000000000000-0x0000000000000000-0x0000000000000000), size 0, SharedBaseAddress: 0x0000000800000000, ArchiveRelocationMode: 1.
Narrow klass base: 0x0000000000000000, Narrow klass shift: 0, Narrow klass range: 0x0

GC Precious Log:
<Empty>

Heap:
 garbage-first heap   total 0K, used 0K [0x0000000082a00000, 0x0000000100000000)
  region size 1024K, 0 young (0K), 0 survivors (0K)

[error occurred during error reporting (printing heap information), id 0xc0000005, EXCEPTION_ACCESS_VIOLATION (0xc0000005) at pc=0x00007ffb142d1499]

GC Heap History (0 events):
No events

Deoptimization events (0 events):
No events

Classes unloaded (0 events):
No events

Classes redefined (0 events):
No events

Internal exceptions (0 events):
No events

VM Operations (0 events):
No events

Events (1 events):
Event: 0.026 Loaded shared library C:\Program Files\Java\jdk-17\bin\java.dll


Dynamic libraries:
0x00007ff793cf0000 - 0x00007ff793d00000 	C:\Program Files\Java\jdk-17\bin\java.exe
0x00007ffb4b3f0000 - 0x00007ffb4b5e8000 	C:\WINDOWS\SYSTEM32\ntdll.dll
0x00007ffb4b210000 - 0x00007ffb4b2cf000 	C:\WINDOWS\System32\KERNEL32.DLL
0x00007ffb48ad0000 - 0x00007ffb48dc6000 	C:\WINDOWS\System32\KERNELBASE.dll
0x00007ffb48f90000 - 0x00007ffb49090000 	C:\WINDOWS\System32\ucrtbase.dll
0x00007ffb438b0000 - 0x00007ffb438cb000 	C:\Program Files\Java\jdk-17\bin\VCRUNTIME140.dll
0x00007ffb43a40000 - 0x00007ffb43a59000 	C:\Program Files\Java\jdk-17\bin\jli.dll
0x00007ffb49c30000 - 0x00007ffb49cdf000 	C:\WINDOWS\System32\ADVAPI32.dll
0x00007ffb4aef0000 - 0x00007ffb4af8e000 	C:\WINDOWS\System32\msvcrt.dll
0x00007ffb49b00000 - 0x00007ffb49b9c000 	C:\WINDOWS\System32\sechost.dll
0x00007ffb49ce0000 - 0x00007ffb49e06000 	C:\WINDOWS\System32\RPCRT4.dll
0x00007ffb34200000 - 0x00007ffb3449a000 	C:\WINDOWS\WinSxS\amd64_microsoft.windows.common-controls_6595b64144ccf1df_6.0.19041.1110_none_60b5254171f9507e\COMCTL32.dll
0x00007ffb49480000 - 0x00007ffb4961d000 	C:\WINDOWS\System32\USER32.dll
0x00007ffb49450000 - 0x00007ffb4947c000 	C:\WINDOWS\System32\GDI32.dll
0x00007ffb48f60000 - 0x00007ffb48f82000 	C:\WINDOWS\System32\win32u.dll
0x00007ffb49330000 - 0x00007ffb49445000 	C:\WINDOWS\System32\gdi32full.dll
0x00007ffb491f0000 - 0x00007ffb4928d000 	C:\WINDOWS\System32\msvcp_win.dll
0x00007ffb398e0000 - 0x00007ffb398ea000 	C:\WINDOWS\SYSTEM32\VERSION.dll
0x00007ffb4a690000 - 0x00007ffb4a6c0000 	C:\WINDOWS\System32\IMM32.DLL
0x00007ffb45fc0000 - 0x00007ffb45fcc000 	C:\Program Files\Java\jdk-17\bin\vcruntime140_1.dll
0x00007ffb34680000 - 0x00007ffb3470e000 	C:\Program Files\Java\jdk-17\bin\msvcp140.dll
0x00007ffb13c00000 - 0x00007ffb147de000 	C:\Program Files\Java\jdk-17\bin\server\jvm.dll
0x00007ffb4a560000 - 0x00007ffb4a568000 	C:\WINDOWS\System32\PSAPI.DLL
0x00007ffb34df0000 - 0x00007ffb34e17000 	C:\WINDOWS\SYSTEM32\WINMM.dll
0x00007ffb2db80000 - 0x00007ffb2db89000 	C:\WINDOWS\SYSTEM32\WSOCK32.dll
0x00007ffb49a90000 - 0x00007ffb49afb000 	C:\WINDOWS\System32\WS2_32.dll
0x00007ffb46980000 - 0x00007ffb46992000 	C:\WINDOWS\SYSTEM32\kernel.appcore.dll
0x00007ffb44d10000 - 0x00007ffb44d1a000 	C:\Program Files\Java\jdk-17\bin\jimage.dll
0x00007ffb39140000 - 0x00007ffb39324000 	C:\WINDOWS\SYSTEM32\DBGHELP.DLL
0x00007ffb39100000 - 0x00007ffb39134000 	C:\WINDOWS\SYSTEM32\dbgcore.DLL
0x00007ffb48dd0000 - 0x00007ffb48e52000 	C:\WINDOWS\System32\bcryptPrimitives.dll
0x00007ffb43a00000 - 0x00007ffb43a25000 	C:\Program Files\Java\jdk-17\bin\java.dll

dbghelp: loaded successfully - version: 4.0.5 - missing functions: none
symbol engine: initialized successfully - sym options: 0x614 - pdb path: .;C:\Program Files\Java\jdk-17\bin;C:\WINDOWS\SYSTEM32;C:\WINDOWS\WinSxS\amd64_microsoft.windows.common-controls_6595b64144ccf1df_6.0.19041.1110_none_60b5254171f9507e;C:\Program Files\Java\jdk-17\bin\server

VM Arguments:
jvm_args: -Dnet.bytebuddy.agent.attacher.dump= 
java_command: net.bytebuddy.agent.Attacher com.sun.tools.attach.VirtualMachine 12048 C:\Users\Volodymyr\.m2\repository\net\bytebuddy\byte-buddy-agent\1.14.5\byte-buddy-agent-1.14.5.jar false 
java_class_path (initial): C:\Users\Volodymyr\.m2\repository\net\bytebuddy\byte-buddy-agent\1.14.5\byte-buddy-agent-1.14.5.jar
Launcher Type: SUN_STANDARD

[Global flags]
     intx CICompilerCount                          = 3                                         {product} {ergonomic}
     uint ConcGCThreads                            = 1                                         {product} {ergonomic}
     uint G1ConcRefinementThreads                  = 4                                         {product} {ergonomic}
   size_t G1HeapRegionSize                         = 1048576                                   {product} {ergonomic}
    uintx GCDrainStackTargetSize                   = 64                                        {product} {ergonomic}
   size_t InitialHeapSize                          = 132120576                                 {product} {ergonomic}
   size_t MarkStackSize                            = 4194304                                   {product} {ergonomic}
   size_t MaxHeapSize                              = 2103443456                                {product} {ergonomic}
   size_t MinHeapDeltaBytes                        = 1048576                                   {product} {ergonomic}
   size_t MinHeapSize                              = 8388608                                   {product} {ergonomic}
    uintx NonNMethodCodeHeapSize                   = 5832780                                {pd product} {ergonomic}
    uintx NonProfiledCodeHeapSize                  = 122912730                              {pd product} {ergonomic}
    uintx ProfiledCodeHeapSize                     = 122912730                              {pd product} {ergonomic}
    uintx ReservedCodeCacheSize                    = 251658240                              {pd product} {ergonomic}
     bool SegmentedCodeCache                       = true                                      {product} {ergonomic}
   size_t SoftMaxHeapSize                          = 2103443456                             {manageable} {ergonomic}
     bool UseCompressedClassPointers               = true                           {product lp64_product} {ergonomic}
     bool UseCompressedOops                        = true                           {product lp64_product} {ergonomic}
     bool UseG1GC                                  = true                                      {product} {ergonomic}
     bool UseLargePagesIndividualAllocation        = false                                  {pd product} {ergonomic}

Logging:
Log output configuration:
 #0: stdout all=warning uptime,level,tags
 #1: stderr all=off uptime,level,tags

Environment Variables:
JAVA_HOME=C:\Program Files\Java\jdk-17
PATH=C:\Program Files\Common Files\Oracle\Java\javapath;C:\Windows\system32;C:\Windows;C:\Windows\System32\Wbem;C:\Windows\System32\WindowsPowerShell\v1.0\;C:\WINDOWS\system32;C:\WINDOWS;C:\WINDOWS\System32\Wbem;C:\WINDOWS\System32\WindowsPowerShell\v1.0\;C:\WINDOWS\System32\OpenSSH\;C:\Program Files\Java\jdk-18.0.1\bin;C:\Program Files\Apache\maven-3.8.6\bin;C:\Program Files\Git\cmd;C:\Users\Volodymyr\AppData\Local\Microsoft\WindowsApps;;C:\Users\Владимир\AppData\Local\Programs\Microsoft VS Code\bin
USERNAME=Volodymyr
OS=Windows_NT
PROCESSOR_IDENTIFIER=Intel64 Family 6 Model 76 Stepping 4, GenuineIntel



---------------  S Y S T E M  ---------------

OS:
 Windows 10 , 64 bit Build 19041 (10.0.19041.3031)
OS uptime: 3 days 8:33 hours

CPU: total 4 (initial active 4) (4 cores per cpu, 1 threads per core) family 6 model 76 stepping 4 microcode 0x411, cx8, cmov, fxsr, mmx, 3dnowpref, sse, sse2, sse3, ssse3, sse4.1, sse4.2, popcnt, tsc, tscinvbit, aes, erms, clmul, clflush

Memory: 4k page, system-wide physical 8023M (1156M free)
TotalPageFile size 10071M (AvailPageFile size 39M)
current process WorkingSet (physical memory assigned to process): 10M, peak: 10M
current process commit charge ("private bytes"): 51M, peak: 177M

vm_info: Java HotSpot(TM) 64-Bit Server VM (17.0.8+9-LTS-211) for windows-amd64 JRE (17.0.8+9-LTS-211), built on Jun 14 2023 10:34:31 by "mach5one" with MS VC++ 17.1 (VS2022)

END.
